06/10/2020 21:30:26 utilities.logCollector  Home page loaded
06/10/2020 21:30:26 freemarker.cache Couldn't find template in cache for "index.ftl"("en", UTF-8, parsed); will try to load it.
06/10/2020 21:30:26 freemarker.cache TemplateLoader.findTemplateSource("index_en.ftl"): Not found
06/10/2020 21:30:26 freemarker.cache TemplateLoader.findTemplateSource("index.ftl"): Found
06/10/2020 21:30:26 freemarker.cache Loading template for "index.ftl"("en", UTF-8, parsed) from "jar:file:/C:/Users/User/.m2/repository/com/aventstack/extentreports/3.1.2/extentreports-3.1.2.jar!/com/aventstack/extentreports/view/html-report/index.ftl"
06/10/2020 21:30:26 freemarker.cache Couldn't find template in cache for "head.ftl"("en", UTF-8, parsed); will try to load it.
06/10/2020 21:30:27 freemarker.cache TemplateLoader.findTemplateSource("head_en.ftl"): Not found
06/10/2020 21:30:27 freemarker.cache TemplateLoader.findTemplateSource("head.ftl"): Found
06/10/2020 21:30:27 freemarker.cache Loading template for "head.ftl"("en", UTF-8, parsed) from "jar:file:/C:/Users/User/.m2/repository/com/aventstack/extentreports/3.1.2/extentreports-3.1.2.jar!/com/aventstack/extentreports/view/html-report/head.ftl"
06/10/2020 21:30:27 freemarker.cache Couldn't find template in cache for "nav.ftl"("en", UTF-8, parsed); will try to load it.
06/10/2020 21:30:27 freemarker.cache TemplateLoader.findTemplateSource("nav_en.ftl"): Not found
06/10/2020 21:30:27 freemarker.cache TemplateLoader.findTemplateSource("nav.ftl"): Found
06/10/2020 21:30:27 freemarker.cache Loading template for "nav.ftl"("en", UTF-8, parsed) from "jar:file:/C:/Users/User/.m2/repository/com/aventstack/extentreports/3.1.2/extentreports-3.1.2.jar!/com/aventstack/extentreports/view/html-report/nav.ftl"
06/10/2020 21:30:27 freemarker.cache Couldn't find template in cache for "test-view/test-view.ftl"("en", UTF-8, parsed); will try to load it.
06/10/2020 21:30:27 freemarker.cache TemplateLoader.findTemplateSource("test-view/test-view_en.ftl"): Not found
06/10/2020 21:30:27 freemarker.cache TemplateLoader.findTemplateSource("test-view/test-view.ftl"): Found
06/10/2020 21:30:27 freemarker.cache Loading template for "test-view/test-view.ftl"("en", UTF-8, parsed) from "jar:file:/C:/Users/User/.m2/repository/com/aventstack/extentreports/3.1.2/extentreports-3.1.2.jar!/com/aventstack/extentreports/view/html-report/test-view/test-view.ftl"
06/10/2020 21:30:27 freemarker.cache Couldn't find template in cache for "test-view/test-view-charts.ftl"("en", UTF-8, parsed); will try to load it.
06/10/2020 21:30:27 freemarker.cache TemplateLoader.findTemplateSource("test-view/test-view-charts_en.ftl"): Not found
06/10/2020 21:30:27 freemarker.cache TemplateLoader.findTemplateSource("test-view/test-view-charts.ftl"): Found
06/10/2020 21:30:27 freemarker.cache Loading template for "test-view/test-view-charts.ftl"("en", UTF-8, parsed) from "jar:file:/C:/Users/User/.m2/repository/com/aventstack/extentreports/3.1.2/extentreports-3.1.2.jar!/com/aventstack/extentreports/view/html-report/test-view/test-view-charts.ftl"
06/10/2020 21:30:27 freemarker.cache Couldn't find template in cache for "test-view/bdd.ftl"("en", UTF-8, parsed); will try to load it.
06/10/2020 21:30:27 freemarker.cache TemplateLoader.findTemplateSource("test-view/bdd_en.ftl"): Not found
06/10/2020 21:30:27 freemarker.cache TemplateLoader.findTemplateSource("test-view/bdd.ftl"): Found
06/10/2020 21:30:27 freemarker.cache Loading template for "test-view/bdd.ftl"("en", UTF-8, parsed) from "jar:file:/C:/Users/User/.m2/repository/com/aventstack/extentreports/3.1.2/extentreports-3.1.2.jar!/com/aventstack/extentreports/view/html-report/test-view/bdd.ftl"
06/10/2020 21:30:28 freemarker.cache Couldn't find template in cache for "category-view/category-view.ftl"("en", UTF-8, parsed); will try to load it.
06/10/2020 21:30:28 freemarker.cache TemplateLoader.findTemplateSource("category-view/category-view_en.ftl"): Not found
06/10/2020 21:30:28 freemarker.cache TemplateLoader.findTemplateSource("category-view/category-view.ftl"): Found
06/10/2020 21:30:28 freemarker.cache Loading template for "category-view/category-view.ftl"("en", UTF-8, parsed) from "jar:file:/C:/Users/User/.m2/repository/com/aventstack/extentreports/3.1.2/extentreports-3.1.2.jar!/com/aventstack/extentreports/view/html-report/category-view/category-view.ftl"
06/10/2020 21:30:28 freemarker.cache Couldn't find template in cache for "author-view/author-view.ftl"("en", UTF-8, parsed); will try to load it.
06/10/2020 21:30:28 freemarker.cache TemplateLoader.findTemplateSource("author-view/author-view_en.ftl"): Not found
06/10/2020 21:30:28 freemarker.cache TemplateLoader.findTemplateSource("author-view/author-view.ftl"): Found
06/10/2020 21:30:28 freemarker.cache Loading template for "author-view/author-view.ftl"("en", UTF-8, parsed) from "jar:file:/C:/Users/User/.m2/repository/com/aventstack/extentreports/3.1.2/extentreports-3.1.2.jar!/com/aventstack/extentreports/view/html-report/author-view/author-view.ftl"
06/10/2020 21:30:28 freemarker.cache Couldn't find template in cache for "exception-view/exception-view.ftl"("en", UTF-8, parsed); will try to load it.
06/10/2020 21:30:28 freemarker.cache TemplateLoader.findTemplateSource("exception-view/exception-view_en.ftl"): Not found
06/10/2020 21:30:28 freemarker.cache TemplateLoader.findTemplateSource("exception-view/exception-view.ftl"): Found
06/10/2020 21:30:28 freemarker.cache Loading template for "exception-view/exception-view.ftl"("en", UTF-8, parsed) from "jar:file:/C:/Users/User/.m2/repository/com/aventstack/extentreports/3.1.2/extentreports-3.1.2.jar!/com/aventstack/extentreports/view/html-report/exception-view/exception-view.ftl"
06/10/2020 21:30:28 freemarker.cache Couldn't find template in cache for "dashboard-view/dashboard-view.ftl"("en", UTF-8, parsed); will try to load it.
06/10/2020 21:30:28 freemarker.cache TemplateLoader.findTemplateSource("dashboard-view/dashboard-view_en.ftl"): Not found
06/10/2020 21:30:28 freemarker.cache TemplateLoader.findTemplateSource("dashboard-view/dashboard-view.ftl"): Found
06/10/2020 21:30:28 freemarker.cache Loading template for "dashboard-view/dashboard-view.ftl"("en", UTF-8, parsed) from "jar:file:/C:/Users/User/.m2/repository/com/aventstack/extentreports/3.1.2/extentreports-3.1.2.jar!/com/aventstack/extentreports/view/html-report/dashboard-view/dashboard-view.ftl"
06/10/2020 21:30:28 freemarker.cache Couldn't find template in cache for "logs-view/testrunner-logs-view.ftl"("en", UTF-8, parsed); will try to load it.
06/10/2020 21:30:28 freemarker.cache TemplateLoader.findTemplateSource("logs-view/testrunner-logs-view_en.ftl"): Not found
06/10/2020 21:30:28 freemarker.cache TemplateLoader.findTemplateSource("logs-view/testrunner-logs-view.ftl"): Found
06/10/2020 21:30:28 freemarker.cache Loading template for "logs-view/testrunner-logs-view.ftl"("en", UTF-8, parsed) from "jar:file:/C:/Users/User/.m2/repository/com/aventstack/extentreports/3.1.2/extentreports-3.1.2.jar!/com/aventstack/extentreports/view/html-report/logs-view/testrunner-logs-view.ftl"
